2023-07-19 04:24:49.588 DEBUG InternalLoggerFactory.useLog4J2LoggerFactory(InternalLoggerFactory.java:76) - Using Log4J2 as the default logging framework
2023-07-19 04:24:49.602 DEBUG ResourceLeakDetector.<clinit>(ResourceLeakDetector.java:129) - -Dio.netty.leakDetection.level: simple
2023-07-19 04:24:49.602 DEBUG ResourceLeakDetector.<clinit>(ResourceLeakDetector.java:130) - -Dio.netty.leakDetection.targetRecords: 4
2023-07-19 04:24:49.606 DEBUG ResourceLeakDetectorFactory$DefaultResourceLeakDetectorFactory.newResourceLeakDetector(ResourceLeakDetectorFactory.java:196) - Loaded default ResourceLeakDetector: io.netty.util.ResourceLeakDetector@6c302a1d
2023-07-19 04:24:49.627 DEBUG PlatformDependent0.explicitNoUnsafeCause0(PlatformDependent0.java:496) - -Dio.netty.noUnsafe: false
2023-07-19 04:24:49.628 DEBUG PlatformDependent0.javaVersion0(PlatformDependent0.java:1000) - Java version: 17
2023-07-19 04:24:49.629 DEBUG PlatformDependent0.<clinit>(PlatformDependent0.java:137) - sun.misc.Unsafe.theUnsafe: available
2023-07-19 04:24:49.631 DEBUG PlatformDependent0.<clinit>(PlatformDependent0.java:161) - sun.misc.Unsafe.copyMemory: available
2023-07-19 04:24:49.632 DEBUG PlatformDependent0.<clinit>(PlatformDependent0.java:193) - sun.misc.Unsafe.storeFence: available
2023-07-19 04:24:49.633 DEBUG PlatformDependent0.<clinit>(PlatformDependent0.java:236) - java.nio.Buffer.address: available
2023-07-19 04:24:49.633 DEBUG PlatformDependent0.<clinit>(PlatformDependent0.java:317) - direct buffer constructor: unavailable
java.lang.UnsupportedOperationException: Reflective setAccessible(true) disabled
	at io.netty.util.internal.ReflectionUtil.trySetAccessible(ReflectionUtil.java:31) ~[netty-common-4.1.92.Final.jar:4.1.92.Final]
	at io.netty.util.internal.PlatformDependent0$5.run(PlatformDependent0.java:288) ~[netty-common-4.1.92.Final.jar:4.1.92.Final]
	at java.security.AccessController.doPrivileged(AccessController.java:318) ~[?:?]
	at io.netty.util.internal.PlatformDependent0.<clinit>(PlatformDependent0.java:282) [netty-common-4.1.92.Final.jar:4.1.92.Final]
	at io.netty.util.internal.PlatformDependent.isAndroid(PlatformDependent.java:333) [netty-common-4.1.92.Final.jar:4.1.92.Final]
	at io.netty.util.internal.PlatformDependent.<clinit>(PlatformDependent.java:88) [netty-common-4.1.92.Final.jar:4.1.92.Final]
	at io.netty.util.HashedWheelTimer.<init>(HashedWheelTimer.java:114) [netty-common-4.1.92.Final.jar:4.1.92.Final]
	at io.netty.util.HashedWheelTimer.<init>(HashedWheelTimer.java:251) [netty-common-4.1.92.Final.jar:4.1.92.Final]
	at io.netty.util.HashedWheelTimer.<init>(HashedWheelTimer.java:224) [netty-common-4.1.92.Final.jar:4.1.92.Final]
	at io.netty.util.HashedWheelTimer.<init>(HashedWheelTimer.java:203) [netty-common-4.1.92.Final.jar:4.1.92.Final]
	at org.asynchttpclient.DefaultAsyncHttpClient.newNettyTimer(DefaultAsyncHttpClient.java:111) [async-http-client-2.12.3.jar:?]
	at org.asynchttpclient.DefaultAsyncHttpClient.<init>(DefaultAsyncHttpClient.java:90) [async-http-client-2.12.3.jar:?]
	at org.asynchttpclient.Dsl.asyncHttpClient(Dsl.java:32) [async-http-client-2.12.3.jar:?]
	at org.openqa.selenium.remote.http.netty.NettyClient.createHttpClient(NettyClient.java:92) [selenium-remote-driver-4.10.0.jar:?]
	at org.openqa.selenium.remote.http.netty.NettyClient.<clinit>(NettyClient.java:44) [selenium-remote-driver-4.10.0.jar:?]
	at org.openqa.selenium.remote.http.netty.NettyClient$Factory.createClient(NettyClient.java:133) [selenium-remote-driver-4.10.0.jar:?]
	at org.openqa.selenium.remote.HttpCommandExecutor.<init>(HttpCommandExecutor.java:115) [selenium-remote-driver-4.10.0.jar:?]
	at org.openqa.selenium.remote.HttpCommandExecutor.<init>(HttpCommandExecutor.java:92) [selenium-remote-driver-4.10.0.jar:?]
	at org.openqa.selenium.remote.service.DriverCommandExecutor.<init>(DriverCommandExecutor.java:89) [selenium-remote-driver-4.10.0.jar:?]
	at org.openqa.selenium.chromium.ChromiumDriverCommandExecutor.<init>(ChromiumDriverCommandExecutor.java:43) [selenium-chromium-driver-4.10.0.jar:?]
	at org.openqa.selenium.chrome.ChromeDriver$ChromeDriverCommandExecutor.<init>(ChromeDriver.java:111) [selenium-chrome-driver-4.10.0.jar:?]
	at org.openqa.selenium.chrome.ChromeDriver.generateExecutor(ChromeDriver.java:101) [selenium-chrome-driver-4.10.0.jar:?]
	at org.openqa.selenium.chrome.ChromeDriver.<init>(ChromeDriver.java:87) [selenium-chrome-driver-4.10.0.jar:?]
	at org.openqa.selenium.chrome.ChromeDriver.<init>(ChromeDriver.java:82) [selenium-chrome-driver-4.10.0.jar:?]
	at org.openqa.selenium.chrome.ChromeDriver.<init>(ChromeDriver.java:50) [selenium-chrome-driver-4.10.0.jar:?]
	at driver.DriverSingleton.getDriver(DriverSingleton.java:25) [test-classes/:?]
	at test.CommonConditions.browserSetup(CommonConditions.java:15) [test-classes/:?]
	at jdk.internal.reflect.NativeMethodAccessorImpl.invoke0(Native Method) ~[?:?]
	at jdk.internal.reflect.NativeMethodAccessorImpl.invoke(NativeMethodAccessorImpl.java:77) ~[?:?]
	at jdk.internal.reflect.DelegatingMethodAccessorImpl.invoke(DelegatingMethodAccessorImpl.java:43) ~[?:?]
	at java.lang.reflect.Method.invoke(Method.java:568) ~[?:?]
	at org.testng.internal.invokers.MethodInvocationHelper.invokeMethod(MethodInvocationHelper.java:139) [testng-7.8.0.jar:7.8.0]
	at org.testng.internal.invokers.MethodInvocationHelper.invokeMethodConsideringTimeout(MethodInvocationHelper.java:69) [testng-7.8.0.jar:7.8.0]
	at org.testng.internal.invokers.ConfigInvoker.invokeConfigurationMethod(ConfigInvoker.java:390) [testng-7.8.0.jar:7.8.0]
	at org.testng.internal.invokers.ConfigInvoker.invokeConfigurations(ConfigInvoker.java:325) [testng-7.8.0.jar:7.8.0]
	at org.testng.TestRunner.invokeTestConfigurations(TestRunner.java:663) [testng-7.8.0.jar:7.8.0]
	at org.testng.TestRunner.beforeRun(TestRunner.java:652) [testng-7.8.0.jar:7.8.0]
	at org.testng.TestRunner.run(TestRunner.java:614) [testng-7.8.0.jar:7.8.0]
	at org.testng.SuiteRunner.runTest(SuiteRunner.java:443) [testng-7.8.0.jar:7.8.0]
	at org.testng.SuiteRunner.runSequentially(SuiteRunner.java:437) [testng-7.8.0.jar:7.8.0]
	at org.testng.SuiteRunner.privateRun(SuiteRunner.java:397) [testng-7.8.0.jar:7.8.0]
	at org.testng.SuiteRunner.run(SuiteRunner.java:336) [testng-7.8.0.jar:7.8.0]
	at org.testng.SuiteRunnerWorker.runSuite(SuiteRunnerWorker.java:52) [testng-7.8.0.jar:7.8.0]
	at org.testng.SuiteRunnerWorker.run(SuiteRunnerWorker.java:95) [testng-7.8.0.jar:7.8.0]
	at org.testng.TestNG.runSuitesSequentially(TestNG.java:1280) [testng-7.8.0.jar:7.8.0]
	at org.testng.TestNG.runSuitesLocally(TestNG.java:1200) [testng-7.8.0.jar:7.8.0]
	at org.testng.TestNG.runSuites(TestNG.java:1114) [testng-7.8.0.jar:7.8.0]
	at org.testng.TestNG.run(TestNG.java:1082) [testng-7.8.0.jar:7.8.0]
	at org.apache.maven.surefire.testng.TestNGExecutor.run(TestNGExecutor.java:308) [surefire-testng-3.1.2.jar:3.1.2]
	at org.apache.maven.surefire.testng.TestNGXmlTestSuite.execute(TestNGXmlTestSuite.java:71) [surefire-testng-3.1.2.jar:3.1.2]
	at org.apache.maven.surefire.testng.TestNGProvider.invoke(TestNGProvider.java:113) [surefire-testng-3.1.2.jar:3.1.2]
	at org.apache.maven.surefire.booter.ForkedBooter.runSuitesInProcess(ForkedBooter.java:385) [surefire-booter-3.1.2.jar:3.1.2]
	at org.apache.maven.surefire.booter.ForkedBooter.execute(ForkedBooter.java:162) [surefire-booter-3.1.2.jar:3.1.2]
	at org.apache.maven.surefire.booter.ForkedBooter.run(ForkedBooter.java:507) [surefire-booter-3.1.2.jar:3.1.2]
	at org.apache.maven.surefire.booter.ForkedBooter.main(ForkedBooter.java:495) [surefire-booter-3.1.2.jar:3.1.2]
2023-07-19 04:24:49.644 DEBUG PlatformDependent0.<clinit>(PlatformDependent0.java:385) - java.nio.Bits.unaligned: available, true
2023-07-19 04:24:49.645 DEBUG PlatformDependent0.<clinit>(PlatformDependent0.java:449) - jdk.internal.misc.Unsafe.allocateUninitializedArray(int): unavailable
java.lang.IllegalAccessException: class io.netty.util.internal.PlatformDependent0$7 cannot access class jdk.internal.misc.Unsafe (in module java.base) because module java.base does not export jdk.internal.misc to unnamed module @69b2283a
	at jdk.internal.reflect.Reflection.newIllegalAccessException(Reflection.java:392) ~[?:?]
	at java.lang.reflect.AccessibleObject.checkAccess(AccessibleObject.java:674) ~[?:?]
	at java.lang.reflect.Method.invoke(Method.java:560) ~[?:?]
	at io.netty.util.internal.PlatformDependent0$7.run(PlatformDependent0.java:410) ~[netty-common-4.1.92.Final.jar:4.1.92.Final]
	at java.security.AccessController.doPrivileged(AccessController.java:318) ~[?:?]
	at io.netty.util.internal.PlatformDependent0.<clinit>(PlatformDependent0.java:401) [netty-common-4.1.92.Final.jar:4.1.92.Final]
	at io.netty.util.internal.PlatformDependent.isAndroid(PlatformDependent.java:333) [netty-common-4.1.92.Final.jar:4.1.92.Final]
	at io.netty.util.internal.PlatformDependent.<clinit>(PlatformDependent.java:88) [netty-common-4.1.92.Final.jar:4.1.92.Final]
	at io.netty.util.HashedWheelTimer.<init>(HashedWheelTimer.java:114) [netty-common-4.1.92.Final.jar:4.1.92.Final]
	at io.netty.util.HashedWheelTimer.<init>(HashedWheelTimer.java:251) [netty-common-4.1.92.Final.jar:4.1.92.Final]
	at io.netty.util.HashedWheelTimer.<init>(HashedWheelTimer.java:224) [netty-common-4.1.92.Final.jar:4.1.92.Final]
	at io.netty.util.HashedWheelTimer.<init>(HashedWheelTimer.java:203) [netty-common-4.1.92.Final.jar:4.1.92.Final]
	at org.asynchttpclient.DefaultAsyncHttpClient.newNettyTimer(DefaultAsyncHttpClient.java:111) [async-http-client-2.12.3.jar:?]
	at org.asynchttpclient.DefaultAsyncHttpClient.<init>(DefaultAsyncHttpClient.java:90) [async-http-client-2.12.3.jar:?]
	at org.asynchttpclient.Dsl.asyncHttpClient(Dsl.java:32) [async-http-client-2.12.3.jar:?]
	at org.openqa.selenium.remote.http.netty.NettyClient.createHttpClient(NettyClient.java:92) [selenium-remote-driver-4.10.0.jar:?]
	at org.openqa.selenium.remote.http.netty.NettyClient.<clinit>(NettyClient.java:44) [selenium-remote-driver-4.10.0.jar:?]
	at org.openqa.selenium.remote.http.netty.NettyClient$Factory.createClient(NettyClient.java:133) [selenium-remote-driver-4.10.0.jar:?]
	at org.openqa.selenium.remote.HttpCommandExecutor.<init>(HttpCommandExecutor.java:115) [selenium-remote-driver-4.10.0.jar:?]
	at org.openqa.selenium.remote.HttpCommandExecutor.<init>(HttpCommandExecutor.java:92) [selenium-remote-driver-4.10.0.jar:?]
	at org.openqa.selenium.remote.service.DriverCommandExecutor.<init>(DriverCommandExecutor.java:89) [selenium-remote-driver-4.10.0.jar:?]
	at org.openqa.selenium.chromium.ChromiumDriverCommandExecutor.<init>(ChromiumDriverCommandExecutor.java:43) [selenium-chromium-driver-4.10.0.jar:?]
	at org.openqa.selenium.chrome.ChromeDriver$ChromeDriverCommandExecutor.<init>(ChromeDriver.java:111) [selenium-chrome-driver-4.10.0.jar:?]
	at org.openqa.selenium.chrome.ChromeDriver.generateExecutor(ChromeDriver.java:101) [selenium-chrome-driver-4.10.0.jar:?]
	at org.openqa.selenium.chrome.ChromeDriver.<init>(ChromeDriver.java:87) [selenium-chrome-driver-4.10.0.jar:?]
	at org.openqa.selenium.chrome.ChromeDriver.<init>(ChromeDriver.java:82) [selenium-chrome-driver-4.10.0.jar:?]
	at org.openqa.selenium.chrome.ChromeDriver.<init>(ChromeDriver.java:50) [selenium-chrome-driver-4.10.0.jar:?]
	at driver.DriverSingleton.getDriver(DriverSingleton.java:25) [test-classes/:?]
	at test.CommonConditions.browserSetup(CommonConditions.java:15) [test-classes/:?]
	at jdk.internal.reflect.NativeMethodAccessorImpl.invoke0(Native Method) ~[?:?]
	at jdk.internal.reflect.NativeMethodAccessorImpl.invoke(NativeMethodAccessorImpl.java:77) ~[?:?]
	at jdk.internal.reflect.DelegatingMethodAccessorImpl.invoke(DelegatingMethodAccessorImpl.java:43) ~[?:?]
	at java.lang.reflect.Method.invoke(Method.java:568) ~[?:?]
	at org.testng.internal.invokers.MethodInvocationHelper.invokeMethod(MethodInvocationHelper.java:139) [testng-7.8.0.jar:7.8.0]
	at org.testng.internal.invokers.MethodInvocationHelper.invokeMethodConsideringTimeout(MethodInvocationHelper.java:69) [testng-7.8.0.jar:7.8.0]
	at org.testng.internal.invokers.ConfigInvoker.invokeConfigurationMethod(ConfigInvoker.java:390) [testng-7.8.0.jar:7.8.0]
	at org.testng.internal.invokers.ConfigInvoker.invokeConfigurations(ConfigInvoker.java:325) [testng-7.8.0.jar:7.8.0]
	at org.testng.TestRunner.invokeTestConfigurations(TestRunner.java:663) [testng-7.8.0.jar:7.8.0]
	at org.testng.TestRunner.beforeRun(TestRunner.java:652) [testng-7.8.0.jar:7.8.0]
	at org.testng.TestRunner.run(TestRunner.java:614) [testng-7.8.0.jar:7.8.0]
	at org.testng.SuiteRunner.runTest(SuiteRunner.java:443) [testng-7.8.0.jar:7.8.0]
	at org.testng.SuiteRunner.runSequentially(SuiteRunner.java:437) [testng-7.8.0.jar:7.8.0]
	at org.testng.SuiteRunner.privateRun(SuiteRunner.java:397) [testng-7.8.0.jar:7.8.0]
	at org.testng.SuiteRunner.run(SuiteRunner.java:336) [testng-7.8.0.jar:7.8.0]
	at org.testng.SuiteRunnerWorker.runSuite(SuiteRunnerWorker.java:52) [testng-7.8.0.jar:7.8.0]
	at org.testng.SuiteRunnerWorker.run(SuiteRunnerWorker.java:95) [testng-7.8.0.jar:7.8.0]
	at org.testng.TestNG.runSuitesSequentially(TestNG.java:1280) [testng-7.8.0.jar:7.8.0]
	at org.testng.TestNG.runSuitesLocally(TestNG.java:1200) [testng-7.8.0.jar:7.8.0]
	at org.testng.TestNG.runSuites(TestNG.java:1114) [testng-7.8.0.jar:7.8.0]
	at org.testng.TestNG.run(TestNG.java:1082) [testng-7.8.0.jar:7.8.0]
	at org.apache.maven.surefire.testng.TestNGExecutor.run(TestNGExecutor.java:308) [surefire-testng-3.1.2.jar:3.1.2]
	at org.apache.maven.surefire.testng.TestNGXmlTestSuite.execute(TestNGXmlTestSuite.java:71) [surefire-testng-3.1.2.jar:3.1.2]
	at org.apache.maven.surefire.testng.TestNGProvider.invoke(TestNGProvider.java:113) [surefire-testng-3.1.2.jar:3.1.2]
	at org.apache.maven.surefire.booter.ForkedBooter.runSuitesInProcess(ForkedBooter.java:385) [surefire-booter-3.1.2.jar:3.1.2]
	at org.apache.maven.surefire.booter.ForkedBooter.execute(ForkedBooter.java:162) [surefire-booter-3.1.2.jar:3.1.2]
	at org.apache.maven.surefire.booter.ForkedBooter.run(ForkedBooter.java:507) [surefire-booter-3.1.2.jar:3.1.2]
	at org.apache.maven.surefire.booter.ForkedBooter.main(ForkedBooter.java:495) [surefire-booter-3.1.2.jar:3.1.2]
2023-07-19 04:24:49.647 DEBUG PlatformDependent0.<clinit>(PlatformDependent0.java:482) - java.nio.DirectByteBuffer.<init>(long, int): unavailable
2023-07-19 04:24:49.648 DEBUG PlatformDependent.unsafeUnavailabilityCause0(PlatformDependent.java:1159) - sun.misc.Unsafe: available
2023-07-19 04:24:49.648 DEBUG PlatformDependent.estimateMaxDirectMemory(PlatformDependent.java:1270) - maxDirectMemory: 4280287232 bytes (maybe)
2023-07-19 04:24:49.649 DEBUG PlatformDependent.tmpdir0(PlatformDependent.java:1289) - -Dio.netty.tmpdir: C:\Users\Imba\AppData\Local\Temp (java.io.tmpdir)
2023-07-19 04:24:49.649 DEBUG PlatformDependent.bitMode0(PlatformDependent.java:1368) - -Dio.netty.bitMode: 64 (sun.arch.data.model)
2023-07-19 04:24:49.650 DEBUG PlatformDependent.isWindows0(PlatformDependent.java:1119) - Platform: Windows
2023-07-19 04:24:49.652 DEBUG PlatformDependent.<clinit>(PlatformDependent.java:178) - -Dio.netty.maxDirectMemory: -1 bytes
2023-07-19 04:24:49.652 DEBUG PlatformDependent.<clinit>(PlatformDependent.java:185) - -Dio.netty.uninitializedArrayAllocationThreshold: -1
2023-07-19 04:24:49.653 DEBUG CleanerJava9.<clinit>(CleanerJava9.java:71) - java.nio.ByteBuffer.cleaner(): available
2023-07-19 04:24:49.653 DEBUG PlatformDependent.<clinit>(PlatformDependent.java:205) - -Dio.netty.noPreferDirect: false
2023-07-19 04:24:49.659 DEBUG PlatformDependent$Mpsc.<clinit>(PlatformDependent.java:1010) - org.jctools-core.MpscChunkedArrayQueue: available
2023-07-19 04:24:49.674 DEBUG InternalThreadLocalMap.<clinit>(InternalThreadLocalMap.java:100) - -Dio.netty.threadLocalMap.stringBuilder.initialSize: 1024
2023-07-19 04:24:49.674 DEBUG InternalThreadLocalMap.<clinit>(InternalThreadLocalMap.java:101) - -Dio.netty.threadLocalMap.stringBuilder.maxSize: 4096
2023-07-19 04:24:49.685 DEBUG JdkSslContext.<clinit>(JdkSslContext.java:83) - Default protocols (JDK): [TLSv1.3, TLSv1.2] 
2023-07-19 04:24:49.687 DEBUG JdkSslContext.<clinit>(JdkSslContext.java:84) - Default cipher suites (JDK): [TLS_ECDHE_ECDSA_WITH_AES_256_GCM_SHA384, TLS_ECDHE_ECDSA_WITH_AES_128_GCM_SHA256, TLS_ECDHE_RSA_WITH_AES_128_GCM_SHA256, TLS_ECDHE_RSA_WITH_AES_256_GCM_SHA384, TLS_ECDHE_RSA_WITH_AES_128_CBC_SHA, TLS_ECDHE_RSA_WITH_AES_256_CBC_SHA, TLS_RSA_WITH_AES_128_GCM_SHA256, TLS_RSA_WITH_AES_128_CBC_SHA, TLS_RSA_WITH_AES_256_CBC_SHA, TLS_AES_128_GCM_SHA256, TLS_AES_256_GCM_SHA384]
2023-07-19 04:24:49.698 DEBUG GlobalEventExecutor.<clinit>(GlobalEventExecutor.java:53) - -Dio.netty.globalEventExecutor.quietPeriodSeconds: 1
2023-07-19 04:24:49.709 DEBUG MultithreadEventLoopGroup.<clinit>(MultithreadEventLoopGroup.java:44) - -Dio.netty.eventLoopThreads: 8
2023-07-19 04:24:49.723 DEBUG NioEventLoop.<clinit>(NioEventLoop.java:110) - -Dio.netty.noKeySetOptimization: false
2023-07-19 04:24:49.723 DEBUG NioEventLoop.<clinit>(NioEventLoop.java:111) - -Dio.netty.selectorAutoRebuildThreshold: 512
2023-07-19 04:24:49.735 TRACE NioEventLoop.openSelector(NioEventLoop.java:264) - instrumented a special java.util.Set into: sun.nio.ch.WEPollSelectorImpl@fab35b1
2023-07-19 04:24:49.737 TRACE NioEventLoop.openSelector(NioEventLoop.java:264) - instrumented a special java.util.Set into: sun.nio.ch.WEPollSelectorImpl@6b2e46af
2023-07-19 04:24:49.742 TRACE NioEventLoop.openSelector(NioEventLoop.java:264) - instrumented a special java.util.Set into: sun.nio.ch.WEPollSelectorImpl@60325987
2023-07-19 04:24:49.749 TRACE NioEventLoop.openSelector(NioEventLoop.java:264) - instrumented a special java.util.Set into: sun.nio.ch.WEPollSelectorImpl@2f37f1f9
2023-07-19 04:24:49.752 TRACE NioEventLoop.openSelector(NioEventLoop.java:264) - instrumented a special java.util.Set into: sun.nio.ch.WEPollSelectorImpl@3374b5bc
2023-07-19 04:24:49.755 TRACE NioEventLoop.openSelector(NioEventLoop.java:264) - instrumented a special java.util.Set into: sun.nio.ch.WEPollSelectorImpl@2af69643
2023-07-19 04:24:49.757 TRACE NioEventLoop.openSelector(NioEventLoop.java:264) - instrumented a special java.util.Set into: sun.nio.ch.WEPollSelectorImpl@587a1cfb
2023-07-19 04:24:49.759 TRACE NioEventLoop.openSelector(NioEventLoop.java:264) - instrumented a special java.util.Set into: sun.nio.ch.WEPollSelectorImpl@48528634
2023-07-19 04:24:49.787 DEBUG PooledByteBufAllocator.<clinit>(PooledByteBufAllocator.java:157) - -Dio.netty.allocator.numHeapArenas: 8
2023-07-19 04:24:49.787 DEBUG PooledByteBufAllocator.<clinit>(PooledByteBufAllocator.java:158) - -Dio.netty.allocator.numDirectArenas: 8
2023-07-19 04:24:49.788 DEBUG PooledByteBufAllocator.<clinit>(PooledByteBufAllocator.java:160) - -Dio.netty.allocator.pageSize: 8192
2023-07-19 04:24:49.788 DEBUG PooledByteBufAllocator.<clinit>(PooledByteBufAllocator.java:165) - -Dio.netty.allocator.maxOrder: 9
2023-07-19 04:24:49.788 DEBUG PooledByteBufAllocator.<clinit>(PooledByteBufAllocator.java:169) - -Dio.netty.allocator.chunkSize: 4194304
2023-07-19 04:24:49.788 DEBUG PooledByteBufAllocator.<clinit>(PooledByteBufAllocator.java:170) - -Dio.netty.allocator.smallCacheSize: 256
2023-07-19 04:24:49.789 DEBUG PooledByteBufAllocator.<clinit>(PooledByteBufAllocator.java:171) - -Dio.netty.allocator.normalCacheSize: 64
2023-07-19 04:24:49.789 DEBUG PooledByteBufAllocator.<clinit>(PooledByteBufAllocator.java:172) - -Dio.netty.allocator.maxCachedBufferCapacity: 32768
2023-07-19 04:24:49.789 DEBUG PooledByteBufAllocator.<clinit>(PooledByteBufAllocator.java:173) - -Dio.netty.allocator.cacheTrimInterval: 8192
2023-07-19 04:24:49.790 DEBUG PooledByteBufAllocator.<clinit>(PooledByteBufAllocator.java:174) - -Dio.netty.allocator.cacheTrimIntervalMillis: 0
2023-07-19 04:24:49.790 DEBUG PooledByteBufAllocator.<clinit>(PooledByteBufAllocator.java:175) - -Dio.netty.allocator.useCacheForAllThreads: false
2023-07-19 04:24:49.790 DEBUG PooledByteBufAllocator.<clinit>(PooledByteBufAllocator.java:176) - -Dio.netty.allocator.maxCachedByteBuffersPerChunk: 1023
2023-07-19 04:24:49.798 DEBUG ByteBufUtil.<clinit>(ByteBufUtil.java:88) - -Dio.netty.allocator.type: pooled
2023-07-19 04:24:49.798 DEBUG ByteBufUtil.<clinit>(ByteBufUtil.java:97) - -Dio.netty.threadLocalDirectBufferSize: 0
2023-07-19 04:24:49.798 DEBUG ByteBufUtil.<clinit>(ByteBufUtil.java:100) - -Dio.netty.maxThreadLocalCharBufferSize: 16384
2023-07-19 04:24:50.054 DEBUG DefaultChannelId.<clinit>(DefaultChannelId.java:79) - -Dio.netty.processId: 12012 (auto-detected)
2023-07-19 04:24:50.057 DEBUG NetUtil.<clinit>(NetUtil.java:148) - -Djava.net.preferIPv4Stack: false
2023-07-19 04:24:50.057 DEBUG NetUtil.<clinit>(NetUtil.java:149) - -Djava.net.preferIPv6Addresses: false
2023-07-19 04:24:50.073 DEBUG NetUtilInitializations.determineLoopback(NetUtilInitializations.java:145) - Loopback interface: lo (Software Loopback Interface 1, 127.0.0.1)
2023-07-19 04:24:50.075 DEBUG NetUtil$SoMaxConnAction.run(NetUtil.java:206) - Failed to get SOMAXCONN from sysctl and file \proc\sys\net\core\somaxconn. Default: 200
2023-07-19 04:24:50.087 DEBUG DefaultChannelId.<clinit>(DefaultChannelId.java:101) - -Dio.netty.machineId: fc:3d:93:ff:fe:b3:e4:34 (auto-detected)
2023-07-19 04:24:50.123 DEBUG AbstractByteBuf.<clinit>(AbstractByteBuf.java:63) - -Dio.netty.buffer.checkAccessible: true
2023-07-19 04:24:50.123 DEBUG AbstractByteBuf.<clinit>(AbstractByteBuf.java:64) - -Dio.netty.buffer.checkBounds: true
2023-07-19 04:24:50.125 DEBUG ResourceLeakDetectorFactory$DefaultResourceLeakDetectorFactory.newResourceLeakDetector(ResourceLeakDetectorFactory.java:196) - Loaded default ResourceLeakDetector: io.netty.util.ResourceLeakDetector@748cabbe
2023-07-19 04:24:50.152 DEBUG Recycler.<clinit>(Recycler.java:96) - -Dio.netty.recycler.maxCapacityPerThread: 4096
2023-07-19 04:24:50.152 DEBUG Recycler.<clinit>(Recycler.java:97) - -Dio.netty.recycler.ratio: 8
2023-07-19 04:24:50.153 DEBUG Recycler.<clinit>(Recycler.java:98) - -Dio.netty.recycler.chunkSize: 32
2023-07-19 04:24:50.153 DEBUG Recycler.<clinit>(Recycler.java:99) - -Dio.netty.recycler.blocking: false
2023-07-19 04:24:50.153 DEBUG Recycler.<clinit>(Recycler.java:100) - -Dio.netty.recycler.batchFastThreadLocalOnly: true
2023-07-19 04:24:50.881 DEBUG Brotli.<clinit>(Brotli.java:38) - brotli4j not in the classpath; Brotli support will be unavailable.
2023-07-19 04:24:50.959 DEBUG ThreadLocalRandom.newSeed(ThreadLocalRandom.java:214) - -Dio.netty.initialSeedUniquifier: 0xcbc6fcde3797eb33
2023-07-19 04:24:51.119 INFO  HardcoreTest.fillInEstimationForm(HardcoreTest.java:24) - Starting fillInEstimationForm test
2023-07-19 04:24:51.120 DEBUG FormDefaultModelCreator.createDefaultFormModel(FormDefaultModelCreator.java:13) - Creating default form model
2023-07-19 04:24:51.125 DEBUG TestDataReader.getTestData(TestDataReader.java:14) - Getting test data for key: testdata.instances
2023-07-19 04:24:51.125 DEBUG TestDataReader.getTestData(TestDataReader.java:16) - Test data for key 'testdata.instances': 4
2023-07-19 04:24:51.125 DEBUG FormDefaultModelCreator.createDefaultFormModel(FormDefaultModelCreator.java:16) - Default form model created: model.FormDefaultModel@49f3ff41
2023-07-19 04:24:51.140 INFO  GoogleCloudMainPage.openPage(GoogleCloudMainPage.java:28) - Opening Google Cloud main page: https://cloud.google.com/
2023-07-19 04:24:55.925 DEBUG HardcoreTest.fillInEstimationForm(HardcoreTest.java:30) - Opened Google Cloud main page
2023-07-19 04:24:55.925 INFO  GoogleCloudMainPage.searchTerm(GoogleCloudMainPage.java:34) - Performing search with term: Google Cloud Platform Pricing Calculator
2023-07-19 04:24:56.238 DEBUG HardcoreTest.fillInEstimationForm(HardcoreTest.java:33) - Performed search with term: Google Cloud Platform Pricing Calculator
2023-07-19 04:24:56.238 INFO  GoogleCloudMainPage.clickCalculatorPage(GoogleCloudMainPage.java:40) - Clicking on the Google Cloud Pricing Calculator page
2023-07-19 04:25:04.306 DEBUG HardcoreTest.fillInEstimationForm(HardcoreTest.java:36) - Clicked on the calculator page
2023-07-19 04:25:04.311 DEBUG GoogleCloudPricingCalculatorPage.switchToCalculatorIFrame(GoogleCloudPricingCalculatorPage.java:92) - Switching to Calculator iFrame
2023-07-19 04:25:04.420 DEBUG GoogleCloudPricingCalculatorPage.fillInEstimationForm(GoogleCloudPricingCalculatorPage.java:99) - Filling in the estimation form
2023-07-19 04:25:12.048 DEBUG GoogleCloudPricingCalculatorPage.clickAddToEstimateButton(GoogleCloudPricingCalculatorPage.java:128) - Clicking on 'Add to Estimate' button
2023-07-19 04:25:12.289 DEBUG HardcoreTest.fillInEstimationForm(HardcoreTest.java:42) - Filled in the estimation form and clicked on 'Add to Estimate' button
2023-07-19 04:25:12.290 INFO  HardcoreTest.fillInEstimationForm(HardcoreTest.java:44) - Finished fillInEstimationForm test
2023-07-19 04:25:12.295 INFO  HardcoreTest.checkTotalCost(HardcoreTest.java:49) - Starting checkTotalCost test
2023-07-19 04:25:12.297 INFO  TempEmailPage.openInNewTab(TempEmailPage.java:30) - Opening TempEmailPage in a new tab
2023-07-19 04:25:15.186 DEBUG HardcoreTest.checkTotalCost(HardcoreTest.java:52) - Opened TempEmail page in a new tab
2023-07-19 04:25:15.186 INFO  TempEmailPage.getTempEMail(TempEmailPage.java:38) - Getting temporary email address
2023-07-19 04:25:15.484 DEBUG HardcoreTest.checkTotalCost(HardcoreTest.java:55) - Got temporary email address: hao198610star@1ac.xyz
2023-07-19 04:25:15.507 DEBUG GoogleCloudPricingCalculatorPage.switchToCalculatorIFrame(GoogleCloudPricingCalculatorPage.java:92) - Switching to Calculator iFrame
2023-07-19 04:25:15.595 DEBUG GoogleCloudPricingCalculatorPage.clickEmailEstimateButton(GoogleCloudPricingCalculatorPage.java:139) - Clicking on 'Email Estimate' button
2023-07-19 04:25:15.736 DEBUG GoogleCloudPricingCalculatorPage.enterTempEMail(GoogleCloudPricingCalculatorPage.java:145) - Entering temporary email: hao198610star@1ac.xyz
2023-07-19 04:25:16.357 DEBUG GoogleCloudPricingCalculatorPage.sendEmail(GoogleCloudPricingCalculatorPage.java:151) - Sending email
2023-07-19 04:25:16.502 DEBUG GoogleCloudPricingCalculatorPage.getTotalCost(GoogleCloudPricingCalculatorPage.java:134) - Getting the total cost
2023-07-19 04:25:16.667 INFO  TempEmailPage.getCostFromEmail(TempEmailPage.java:43) - Getting cost from email
2023-07-19 04:25:23.639 INFO  TempEmailPage.getCostFromEmail(TempEmailPage.java:48) - Cost from email: USD 1,081.20
2023-07-19 04:25:23.640 DEBUG HardcoreTest.checkTotalCost(HardcoreTest.java:68) - Total cost comparison: Calc Page: Total Estimated Cost: USD 1,081.20 per 1 month, Email Page: USD 1,081.20
2023-07-19 04:25:23.641 INFO  HardcoreTest.checkTotalCost(HardcoreTest.java:70) - Finished checkTotalCost test
2023-07-19 04:25:23.644 TRACE WebSocket08FrameEncoder.encode(WebSocket08FrameEncoder.java:129) - Encoding WebSocket Frame opCode=8 length=26
